{"/Users/jomatthews/Desktop/DnDBeyond/back-end-developer-challenge/backend_api/src/app.controller.ts": {"path":"/Users/jomatthews/Desktop/DnDBeyond/back-end-developer-challenge/backend_api/src/app.controller.ts","statementMap":{"0":{"start":{"line":1,"column":0},"end":{"line":1,"column":49}},"1":{"start":{"line":2,"column":0},"end":{"line":2,"column":43}},"2":{"start":{"line":5,"column":7},"end":{"line":12,"column":null}},"3":{"start":{"line":6,"column":31},"end":{"line":6,"column":43}},"4":{"start":{"line":10,"column":4},"end":{"line":10,"column":38}},"5":{"start":{"line":5,"column":13},"end":{"line":5,"column":26}},"6":{"start":{"line":9,"column":2},"end":{"line":11,"column":null}},"7":{"start":{"line":5,"column":13},"end":{"line":12,"column":null}}},"fnMap":{"0":{"name":"(anonymous_2)","decl":{"start":{"line":6,"column":2},"end":{"line":6,"column":31}},"loc":{"start":{"line":6,"column":53},"end":{"line":6,"column":57}}},"1":{"name":"(anonymous_3)","decl":{"start":{"line":9,"column":2},"end":{"line":9,"column":10}},"loc":{"start":{"line":9,"column":10},"end":{"line":11,"column":3}}}},"branchMap":{},"s":{"0":0,"1":0,"2":0,"3":0,"4":0,"5":0,"6":0,"7":0},"f":{"0":0,"1":0},"b":{}}
,"/Users/jomatthews/Desktop/DnDBeyond/back-end-developer-challenge/backend_api/src/app.module.ts": {"path":"/Users/jomatthews/Desktop/DnDBeyond/back-end-developer-challenge/backend_api/src/app.module.ts","statementMap":{"0":{"start":{"line":1,"column":0},"end":{"line":1,"column":40}},"1":{"start":{"line":2,"column":0},"end":{"line":2,"column":49}},"2":{"start":{"line":3,"column":0},"end":{"line":3,"column":43}},"3":{"start":{"line":4,"column":0},"end":{"line":4,"column":42}},"4":{"start":{"line":11,"column":7},"end":{"line":11,"column":null}},"5":{"start":{"line":11,"column":13},"end":{"line":11,"column":22}},"6":{"start":{"line":11,"column":13},"end":{"line":11,"column":null}}},"fnMap":{},"branchMap":{},"s":{"0":0,"1":0,"2":0,"3":0,"4":0,"5":0,"6":0},"f":{},"b":{}}
,"/Users/jomatthews/Desktop/DnDBeyond/back-end-developer-challenge/backend_api/src/app.service.ts": {"path":"/Users/jomatthews/Desktop/DnDBeyond/back-end-developer-challenge/backend_api/src/app.service.ts","statementMap":{"0":{"start":{"line":1,"column":0},"end":{"line":1,"column":44}},"1":{"start":{"line":4,"column":7},"end":{"line":8,"column":null}},"2":{"start":{"line":6,"column":4},"end":{"line":6,"column":26}},"3":{"start":{"line":4,"column":13},"end":{"line":4,"column":23}},"4":{"start":{"line":4,"column":13},"end":{"line":8,"column":null}}},"fnMap":{"0":{"name":"(anonymous_1)","decl":{"start":{"line":5,"column":2},"end":{"line":5,"column":10}},"loc":{"start":{"line":5,"column":10},"end":{"line":7,"column":3}}}},"branchMap":{},"s":{"0":0,"1":0,"2":0,"3":0,"4":0},"f":{"0":0},"b":{}}
,"/Users/jomatthews/Desktop/DnDBeyond/back-end-developer-challenge/backend_api/src/main.ts": {"path":"/Users/jomatthews/Desktop/DnDBeyond/back-end-developer-challenge/backend_api/src/main.ts","statementMap":{"0":{"start":{"line":1,"column":0},"end":{"line":1,"column":43}},"1":{"start":{"line":2,"column":0},"end":{"line":2,"column":41}},"2":{"start":{"line":3,"column":0},"end":{"line":3,"column":65}},"3":{"start":{"line":4,"column":0},"end":{"line":4,"column":48}},"4":{"start":{"line":7,"column":14},"end":{"line":7,"column":49}},"5":{"start":{"line":9,"column":2},"end":{"line":9,"column":43}},"6":{"start":{"line":12,"column":24},"end":{"line":16,"column":12}},"7":{"start":{"line":18,"column":26},"end":{"line":19,"column":52}},"8":{"start":{"line":19,"column":4},"end":{"line":19,"column":52}},"9":{"start":{"line":20,"column":2},"end":{"line":20,"column":51}},"10":{"start":{"line":22,"column":2},"end":{"line":22,"column":45}},"11":{"start":{"line":24,"column":0},"end":{"line":24,"column":12}}},"fnMap":{"0":{"name":"bootstrap","decl":{"start":{"line":6,"column":15},"end":{"line":6,"column":24}},"loc":{"start":{"line":6,"column":24},"end":{"line":23,"column":1}}},"1":{"name":"(anonymous_1)","decl":{"start":{"line":18,"column":26},"end":{"line":18,"column":29}},"loc":{"start":{"line":19,"column":4},"end":{"line":19,"column":52}}}},"branchMap":{"0":{"loc":{"start":{"line":22,"column":19},"end":{"line":22,"column":43}},"type":"binary-expr","locations":[{"start":{"line":22,"column":19},"end":{"line":22,"column":35}},{"start":{"line":22,"column":39},"end":{"line":22,"column":43}}]}},"s":{"0":0,"1":0,"2":0,"3":0,"4":0,"5":0,"6":0,"7":0,"8":0,"9":0,"10":0,"11":0},"f":{"0":0,"1":0},"b":{"0":[0,0]}}
,"/Users/jomatthews/Desktop/DnDBeyond/back-end-developer-challenge/backend_api/src/character/character.service.ts": {"path":"/Users/jomatthews/Desktop/DnDBeyond/back-end-developer-challenge/backend_api/src/character/character.service.ts","statementMap":{"0":{"start":{"line":1,"column":0},"end":{"line":1,"column":58}},"1":{"start":{"line":3,"column":0},"end":{"line":3,"column":29}},"2":{"start":{"line":4,"column":0},"end":{"line":4,"column":36}},"3":{"start":{"line":7,"column":7},"end":{"line":49,"column":null}},"4":{"start":{"line":8,"column":10},"end":{"line":8,"column":62}},"5":{"start":{"line":12,"column":4},"end":{"line":12,"column":58}},"6":{"start":{"line":17,"column":4},"end":{"line":27,"column":5}},"7":{"start":{"line":18,"column":24},"end":{"line":18,"column":55}},"8":{"start":{"line":20,"column":6},"end":{"line":24,"column":7}},"9":{"start":{"line":21,"column":8},"end":{"line":23,"column":9}},"10":{"start":{"line":22,"column":10},"end":{"line":22,"column":42}},"11":{"start":{"line":26,"column":6},"end":{"line":26,"column":60}},"12":{"start":{"line":33,"column":4},"end":{"line":33,"column":42}},"13":{"start":{"line":37,"column":4},"end":{"line":37,"column":47}},"14":{"start":{"line":38,"column":4},"end":{"line":41,"column":6}},"15":{"start":{"line":45,"column":17},"end":{"line":45,"column":71}},"16":{"start":{"line":46,"column":33},"end":{"line":46,"column":49}},"17":{"start":{"line":47,"column":4},"end":{"line":47,"column":68}},"18":{"start":{"line":7,"column":13},"end":{"line":7,"column":29}},"19":{"start":{"line":7,"column":13},"end":{"line":49,"column":null}}},"fnMap":{"0":{"name":"(anonymous_2)","decl":{"start":{"line":11,"column":2},"end":{"line":11,"column":null}},"loc":{"start":{"line":11,"column":2},"end":{"line":13,"column":3}}},"1":{"name":"(anonymous_3)","decl":{"start":{"line":16,"column":2},"end":{"line":16,"column":7}},"loc":{"start":{"line":16,"column":20},"end":{"line":28,"column":3}}},"2":{"name":"(anonymous_4)","decl":{"start":{"line":32,"column":2},"end":{"line":32,"column":14}},"loc":{"start":{"line":32,"column":27},"end":{"line":34,"column":3}}},"3":{"name":"(anonymous_5)","decl":{"start":{"line":36,"column":2},"end":{"line":36,"column":7}},"loc":{"start":{"line":36,"column":55},"end":{"line":42,"column":3}}},"4":{"name":"(anonymous_6)","decl":{"start":{"line":44,"column":2},"end":{"line":44,"column":7}},"loc":{"start":{"line":44,"column":35},"end":{"line":48,"column":3}}}},"branchMap":{"0":{"loc":{"start":{"line":21,"column":8},"end":{"line":23,"column":9}},"type":"if","locations":[{"start":{"line":21,"column":8},"end":{"line":23,"column":9}}]}},"s":{"0":3,"1":3,"2":3,"3":3,"4":1,"5":1,"6":0,"7":0,"8":0,"9":0,"10":0,"11":0,"12":0,"13":0,"14":0,"15":0,"16":0,"17":0,"18":3,"19":3},"f":{"0":1,"1":0,"2":0,"3":0,"4":0},"b":{"0":[0]}}
,"/Users/jomatthews/Desktop/DnDBeyond/back-end-developer-challenge/backend_api/src/character/entity/character.entity.ts": {"path":"/Users/jomatthews/Desktop/DnDBeyond/back-end-developer-challenge/backend_api/src/character/entity/character.entity.ts","statementMap":{"0":{"start":{"line":1,"column":0},"end":{"line":1,"column":13}}},"fnMap":{},"branchMap":{},"s":{"0":0},"f":{},"b":{}}
,"/Users/jomatthews/Desktop/DnDBeyond/back-end-developer-challenge/backend_api/src/hp/hp.controller.ts": {"path":"/Users/jomatthews/Desktop/DnDBeyond/back-end-developer-challenge/backend_api/src/hp/hp.controller.ts","statementMap":{"0":{"start":{"line":1,"column":0},"end":{"line":1,"column":null}},"1":{"start":{"line":10,"column":0},"end":{"line":10,"column":66}},"2":{"start":{"line":11,"column":0},"end":{"line":11,"column":53}},"3":{"start":{"line":12,"column":0},"end":{"line":12,"column":41}},"4":{"start":{"line":13,"column":0},"end":{"line":13,"column":45}},"5":{"start":{"line":14,"column":0},"end":{"line":14,"column":57}},"6":{"start":{"line":17,"column":7},"end":{"line":126,"column":null}},"7":{"start":{"line":19,"column":21},"end":{"line":19,"column":32}},"8":{"start":{"line":20,"column":21},"end":{"line":20,"column":39}},"9":{"start":{"line":27,"column":22},"end":{"line":27,"column":62}},"10":{"start":{"line":29,"column":4},"end":{"line":31,"column":5}},"11":{"start":{"line":30,"column":6},"end":{"line":30,"column":75}},"12":{"start":{"line":33,"column":4},"end":{"line":36,"column":6}},"13":{"start":{"line":46,"column":4},"end":{"line":68,"column":5}},"14":{"start":{"line":47,"column":31},"end":{"line":47,"column":79}},"15":{"start":{"line":49,"column":8},"end":{"line":51,"column":113}},"16":{"start":{"line":53,"column":24},"end":{"line":53,"column":64}},"17":{"start":{"line":55,"column":6},"end":{"line":59,"column":8}},"18":{"start":{"line":61,"column":6},"end":{"line":67,"column":8}},"19":{"start":{"line":78,"column":4},"end":{"line":96,"column":5}},"20":{"start":{"line":79,"column":31},"end":{"line":81,"column":null}},"21":{"start":{"line":84,"column":6},"end":{"line":87,"column":8}},"22":{"start":{"line":89,"column":6},"end":{"line":95,"column":8}},"23":{"start":{"line":106,"column":4},"end":{"line":124,"column":5}},"24":{"start":{"line":107,"column":31},"end":{"line":109,"column":null}},"25":{"start":{"line":112,"column":6},"end":{"line":115,"column":8}},"26":{"start":{"line":117,"column":6},"end":{"line":123,"column":8}},"27":{"start":{"line":17,"column":13},"end":{"line":17,"column":25}},"28":{"start":{"line":26,"column":2},"end":{"line":37,"column":null}},"29":{"start":{"line":42,"column":8},"end":{"line":69,"column":null}},"30":{"start":{"line":74,"column":8},"end":{"line":97,"column":null}},"31":{"start":{"line":102,"column":8},"end":{"line":125,"column":null}},"32":{"start":{"line":17,"column":13},"end":{"line":126,"column":null}}},"fnMap":{"0":{"name":"(anonymous_4)","decl":{"start":{"line":18,"column":2},"end":{"line":18,"column":null}},"loc":{"start":{"line":20,"column":55},"end":{"line":21,"column":6}}},"1":{"name":"(anonymous_5)","decl":{"start":{"line":26,"column":2},"end":{"line":26,"column":16}},"loc":{"start":{"line":26,"column":44},"end":{"line":37,"column":3}}},"2":{"name":"(anonymous_6)","decl":{"start":{"line":42,"column":2},"end":{"line":42,"column":7}},"loc":{"start":{"line":44,"column":32},"end":{"line":69,"column":3}}},"3":{"name":"(anonymous_7)","decl":{"start":{"line":74,"column":2},"end":{"line":74,"column":7}},"loc":{"start":{"line":76,"column":40},"end":{"line":97,"column":3}}},"4":{"name":"(anonymous_8)","decl":{"start":{"line":102,"column":2},"end":{"line":102,"column":7}},"loc":{"start":{"line":104,"column":36},"end":{"line":125,"column":3}}}},"branchMap":{"0":{"loc":{"start":{"line":29,"column":4},"end":{"line":31,"column":5}},"type":"if","locations":[{"start":{"line":29,"column":4},"end":{"line":31,"column":5}}]},"1":{"loc":{"start":{"line":49,"column":8},"end":{"line":51,"column":113}},"type":"cond-expr","locations":[{"start":{"line":50,"column":12},"end":{"line":50,"column":76}},{"start":{"line":51,"column":12},"end":{"line":51,"column":113}}]},"2":{"loc":{"start":{"line":63,"column":10},"end":{"line":65,"column":46}},"type":"cond-expr","locations":[{"start":{"line":64,"column":14},"end":{"line":64,"column":29}},{"start":{"line":65,"column":14},"end":{"line":65,"column":46}}]},"3":{"loc":{"start":{"line":91,"column":10},"end":{"line":93,"column":46}},"type":"cond-expr","locations":[{"start":{"line":92,"column":14},"end":{"line":92,"column":29}},{"start":{"line":93,"column":14},"end":{"line":93,"column":46}}]},"4":{"loc":{"start":{"line":119,"column":10},"end":{"line":121,"column":46}},"type":"cond-expr","locations":[{"start":{"line":120,"column":14},"end":{"line":120,"column":29}},{"start":{"line":121,"column":14},"end":{"line":121,"column":46}}]}},"s":{"0":1,"1":1,"2":1,"3":1,"4":1,"5":1,"6":1,"7":11,"8":11,"9":2,"10":2,"11":1,"12":1,"13":4,"14":4,"15":2,"16":2,"17":2,"18":2,"19":3,"20":3,"21":1,"22":2,"23":2,"24":2,"25":1,"26":1,"27":1,"28":1,"29":1,"30":1,"31":1,"32":1},"f":{"0":11,"1":2,"2":4,"3":3,"4":2},"b":{"0":[1],"1":[1,1],"2":[1,1],"3":[1,1],"4":[1,0]}}
,"/Users/jomatthews/Desktop/DnDBeyond/back-end-developer-challenge/backend_api/src/hp/hp.module.ts": {"path":"/Users/jomatthews/Desktop/DnDBeyond/back-end-developer-challenge/backend_api/src/hp/hp.module.ts","statementMap":{"0":{"start":{"line":1,"column":0},"end":{"line":1,"column":67}},"1":{"start":{"line":2,"column":0},"end":{"line":2,"column":41}},"2":{"start":{"line":3,"column":0},"end":{"line":3,"column":47}},"3":{"start":{"line":4,"column":0},"end":{"line":4,"column":40}},"4":{"start":{"line":10,"column":7},"end":{"line":10,"column":null}},"5":{"start":{"line":10,"column":13},"end":{"line":10,"column":21}},"6":{"start":{"line":10,"column":13},"end":{"line":10,"column":null}}},"fnMap":{},"branchMap":{},"s":{"0":0,"1":0,"2":0,"3":0,"4":0,"5":0,"6":0},"f":{},"b":{}}
,"/Users/jomatthews/Desktop/DnDBeyond/back-end-developer-challenge/backend_api/src/hp/hp.service.ts": {"path":"/Users/jomatthews/Desktop/DnDBeyond/back-end-developer-challenge/backend_api/src/hp/hp.service.ts","statementMap":{"0":{"start":{"line":1,"column":0},"end":{"line":1,"column":66}},"1":{"start":{"line":3,"column":0},"end":{"line":3,"column":63}},"2":{"start":{"line":7,"column":7},"end":{"line":98,"column":null}},"3":{"start":{"line":9,"column":25},"end":{"line":9,"column":43}},"4":{"start":{"line":17,"column":26},"end":{"line":17,"column":75}},"5":{"start":{"line":19,"column":8},"end":{"line":21,"column":9}},"6":{"start":{"line":20,"column":12},"end":{"line":20,"column":77}},"7":{"start":{"line":23,"column":31},"end":{"line":23,"column":40}},"8":{"start":{"line":24,"column":26},"end":{"line":24,"column":48}},"9":{"start":{"line":26,"column":8},"end":{"line":37,"column":9}},"10":{"start":{"line":27,"column":29},"end":{"line":27,"column":124}},"11":{"start":{"line":27,"column":68},"end":{"line":27,"column":123}},"12":{"start":{"line":29,"column":12},"end":{"line":36,"column":13}},"13":{"start":{"line":31,"column":16},"end":{"line":35,"column":17}},"14":{"start":{"line":32,"column":20},"end":{"line":32,"column":30}},"15":{"start":{"line":33,"column":23},"end":{"line":35,"column":17}},"16":{"start":{"line":34,"column":20},"end":{"line":34,"column":50}},"17":{"start":{"line":40,"column":8},"end":{"line":48,"column":9}},"18":{"start":{"line":41,"column":12},"end":{"line":47,"column":13}},"19":{"start":{"line":42,"column":16},"end":{"line":42,"column":55}},"20":{"start":{"line":43,"column":16},"end":{"line":43,"column":44}},"21":{"start":{"line":45,"column":16},"end":{"line":45,"column":55}},"22":{"start":{"line":46,"column":16},"end":{"line":46,"column":32}},"23":{"start":{"line":51,"column":8},"end":{"line":51,"column":43}},"24":{"start":{"line":53,"column":8},"end":{"line":55,"column":9}},"25":{"start":{"line":54,"column":12},"end":{"line":54,"column":36}},"26":{"start":{"line":57,"column":8},"end":{"line":57,"column":75}},"27":{"start":{"line":59,"column":8},"end":{"line":59,"column":35}},"28":{"start":{"line":66,"column":26},"end":{"line":66,"column":75}},"29":{"start":{"line":68,"column":8},"end":{"line":70,"column":9}},"30":{"start":{"line":69,"column":12},"end":{"line":69,"column":77}},"31":{"start":{"line":72,"column":8},"end":{"line":72,"column":64}},"32":{"start":{"line":75,"column":8},"end":{"line":75,"column":75}},"33":{"start":{"line":77,"column":8},"end":{"line":77,"column":35}},"34":{"start":{"line":84,"column":26},"end":{"line":84,"column":75}},"35":{"start":{"line":86,"column":8},"end":{"line":88,"column":9}},"36":{"start":{"line":87,"column":12},"end":{"line":87,"column":77}},"37":{"start":{"line":91,"column":8},"end":{"line":94,"column":9}},"38":{"start":{"line":92,"column":12},"end":{"line":92,"column":55}},"39":{"start":{"line":93,"column":12},"end":{"line":93,"column":79}},"40":{"start":{"line":96,"column":8},"end":{"line":96,"column":39}},"41":{"start":{"line":7,"column":13},"end":{"line":7,"column":22}},"42":{"start":{"line":7,"column":13},"end":{"line":98,"column":null}}},"fnMap":{"0":{"name":"(anonymous_2)","decl":{"start":{"line":8,"column":4},"end":{"line":8,"column":null}},"loc":{"start":{"line":9,"column":59},"end":{"line":10,"column":8}}},"1":{"name":"(anonymous_3)","decl":{"start":{"line":13,"column":4},"end":{"line":13,"column":9}},"loc":{"start":{"line":15,"column":28},"end":{"line":60,"column":5}}},"2":{"name":"(anonymous_4)","decl":{"start":{"line":27,"column":55},"end":{"line":27,"column":56}},"loc":{"start":{"line":27,"column":68},"end":{"line":27,"column":123}}},"3":{"name":"(anonymous_5)","decl":{"start":{"line":62,"column":4},"end":{"line":62,"column":9}},"loc":{"start":{"line":64,"column":26},"end":{"line":78,"column":5}}},"4":{"name":"(anonymous_6)","decl":{"start":{"line":80,"column":4},"end":{"line":80,"column":9}},"loc":{"start":{"line":82,"column":32},"end":{"line":97,"column":5}}}},"branchMap":{"0":{"loc":{"start":{"line":19,"column":8},"end":{"line":21,"column":9}},"type":"if","locations":[{"start":{"line":19,"column":8},"end":{"line":21,"column":9}}]},"1":{"loc":{"start":{"line":26,"column":8},"end":{"line":37,"column":9}},"type":"if","locations":[{"start":{"line":26,"column":8},"end":{"line":37,"column":9}}]},"2":{"loc":{"start":{"line":31,"column":16},"end":{"line":35,"column":17}},"type":"if","locations":[{"start":{"line":31,"column":16},"end":{"line":35,"column":17}},{"start":{"line":33,"column":23},"end":{"line":35,"column":17}}]},"3":{"loc":{"start":{"line":33,"column":23},"end":{"line":35,"column":17}},"type":"if","locations":[{"start":{"line":33,"column":23},"end":{"line":35,"column":17}}]},"4":{"loc":{"start":{"line":40,"column":8},"end":{"line":48,"column":9}},"type":"if","locations":[{"start":{"line":40,"column":8},"end":{"line":48,"column":9}}]},"5":{"loc":{"start":{"line":41,"column":12},"end":{"line":47,"column":13}},"type":"if","locations":[{"start":{"line":41,"column":12},"end":{"line":47,"column":13}},{"start":{"line":44,"column":19},"end":{"line":47,"column":13}}]},"6":{"loc":{"start":{"line":53,"column":8},"end":{"line":55,"column":9}},"type":"if","locations":[{"start":{"line":53,"column":8},"end":{"line":55,"column":9}}]},"7":{"loc":{"start":{"line":68,"column":8},"end":{"line":70,"column":9}},"type":"if","locations":[{"start":{"line":68,"column":8},"end":{"line":70,"column":9}}]},"8":{"loc":{"start":{"line":86,"column":8},"end":{"line":88,"column":9}},"type":"if","locations":[{"start":{"line":86,"column":8},"end":{"line":88,"column":9}}]},"9":{"loc":{"start":{"line":91,"column":8},"end":{"line":94,"column":9}},"type":"if","locations":[{"start":{"line":91,"column":8},"end":{"line":94,"column":9}}]},"10":{"loc":{"start":{"line":91,"column":12},"end":{"line":91,"column":82}},"type":"binary-expr","locations":[{"start":{"line":91,"column":12},"end":{"line":91,"column":36}},{"start":{"line":91,"column":40},"end":{"line":91,"column":82}}]}},"s":{"0":2,"1":2,"2":2,"3":10,"4":5,"5":5,"6":1,"7":4,"8":4,"9":4,"10":4,"11":2,"12":4,"13":2,"14":1,"15":1,"16":1,"17":3,"18":2,"19":2,"20":2,"21":0,"22":0,"23":3,"24":3,"25":1,"26":3,"27":3,"28":2,"29":2,"30":1,"31":1,"32":1,"33":1,"34":3,"35":3,"36":1,"37":2,"38":1,"39":1,"40":2,"41":2,"42":2},"f":{"0":10,"1":5,"2":2,"3":2,"4":3},"b":{"0":[1],"1":[4],"2":[1,1],"3":[1],"4":[2],"5":[2,0],"6":[1],"7":[1],"8":[1],"9":[1],"10":[2,1]}}
,"/Users/jomatthews/Desktop/DnDBeyond/back-end-developer-challenge/backend_api/src/hp/dto/HpResponse.dto.ts": {"path":"/Users/jomatthews/Desktop/DnDBeyond/back-end-developer-challenge/backend_api/src/hp/dto/HpResponse.dto.ts","statementMap":{"0":{"start":{"line":1,"column":0},"end":{"line":1,"column":13}}},"fnMap":{},"branchMap":{},"s":{"0":1},"f":{},"b":{}}
,"/Users/jomatthews/Desktop/DnDBeyond/back-end-developer-challenge/backend_api/src/hp/dto/damage-type.enum.ts": {"path":"/Users/jomatthews/Desktop/DnDBeyond/back-end-developer-challenge/backend_api/src/hp/dto/damage-type.enum.ts","statementMap":{"0":{"start":{"line":1,"column":0},"end":{"line":1,"column":null}},"1":{"start":{"line":2,"column":2},"end":{"line":2,"column":null}},"2":{"start":{"line":3,"column":2},"end":{"line":3,"column":null}},"3":{"start":{"line":4,"column":2},"end":{"line":4,"column":null}},"4":{"start":{"line":5,"column":2},"end":{"line":5,"column":null}},"5":{"start":{"line":6,"column":2},"end":{"line":6,"column":null}},"6":{"start":{"line":7,"column":2},"end":{"line":7,"column":null}},"7":{"start":{"line":8,"column":2},"end":{"line":8,"column":null}},"8":{"start":{"line":9,"column":2},"end":{"line":9,"column":null}},"9":{"start":{"line":10,"column":2},"end":{"line":10,"column":null}},"10":{"start":{"line":11,"column":2},"end":{"line":11,"column":null}},"11":{"start":{"line":12,"column":2},"end":{"line":12,"column":null}},"12":{"start":{"line":13,"column":2},"end":{"line":13,"column":null}},"13":{"start":{"line":14,"column":2},"end":{"line":14,"column":null}}},"fnMap":{"0":{"name":"(anonymous_0)","decl":{"start":{"line":1,"column":0},"end":{"line":1,"column":12}},"loc":{"start":{"line":1,"column":22},"end":{"line":15,"column":1}}}},"branchMap":{"0":{"loc":{"start":{"line":1,"column":12},"end":{"line":1,"column":null}},"type":"binary-expr","locations":[{"start":{"line":1,"column":12},"end":{"line":1,"column":22}},{"start":{"line":1,"column":22},"end":{"line":1,"column":null}}]}},"s":{"0":2,"1":2,"2":2,"3":2,"4":2,"5":2,"6":2,"7":2,"8":2,"9":2,"10":2,"11":2,"12":2,"13":2},"f":{"0":2},"b":{"0":[2,2]}}
,"/Users/jomatthews/Desktop/DnDBeyond/back-end-developer-challenge/backend_api/src/hp/dto/damage.dto.ts": {"path":"/Users/jomatthews/Desktop/DnDBeyond/back-end-developer-challenge/backend_api/src/hp/dto/damage.dto.ts","statementMap":{"0":{"start":{"line":1,"column":0},"end":{"line":1,"column":48}},"1":{"start":{"line":2,"column":0},"end":{"line":2,"column":68}},"2":{"start":{"line":3,"column":0},"end":{"line":3,"column":46}},"3":{"start":{"line":5,"column":0},"end":{"line":5,"column":13}},"4":{"start":{"line":9,"column":11},"end":{"line":9,"column":null}},"5":{"start":{"line":15,"column":11},"end":{"line":15,"column":null}}},"fnMap":{},"branchMap":{},"s":{"0":1,"1":1,"2":1,"3":1,"4":1,"5":1},"f":{},"b":{}}
}
