TN:
SF:src/app.controller.ts
FN:6,(anonymous_2)
FN:9,(anonymous_3)
FNF:2
FNH:0
FNDA:0,(anonymous_2)
FNDA:0,(anonymous_3)
DA:1,0
DA:2,0
DA:5,0
DA:6,0
DA:9,0
DA:10,0
LF:6
LH:0
BRF:0
BRH:0
end_of_record
TN:
SF:src/app.module.ts
FNF:0
FNH:0
DA:1,0
DA:2,0
DA:3,0
DA:4,0
DA:11,0
LF:5
LH:0
BRF:0
BRH:0
end_of_record
TN:
SF:src/app.service.ts
FN:5,(anonymous_1)
FNF:1
FNH:0
FNDA:0,(anonymous_1)
DA:1,0
DA:4,0
DA:6,0
LF:3
LH:0
BRF:0
BRH:0
end_of_record
TN:
SF:src/main.ts
FN:6,bootstrap
FN:18,(anonymous_1)
FNF:2
FNH:0
FNDA:0,bootstrap
FNDA:0,(anonymous_1)
DA:1,0
DA:2,0
DA:3,0
DA:4,0
DA:7,0
DA:9,0
DA:12,0
DA:18,0
DA:19,0
DA:20,0
DA:22,0
DA:24,0
LF:12
LH:0
BRDA:22,0,0,0
BRDA:22,0,1,0
BRF:2
BRH:0
end_of_record
TN:
SF:src/character/character.service.ts
FN:11,(anonymous_2)
FN:16,(anonymous_3)
FN:32,(anonymous_4)
FN:36,(anonymous_5)
FN:44,(anonymous_6)
FNF:5
FNH:1
FNDA:1,(anonymous_2)
FNDA:0,(anonymous_3)
FNDA:0,(anonymous_4)
FNDA:0,(anonymous_5)
FNDA:0,(anonymous_6)
DA:1,3
DA:3,3
DA:4,3
DA:7,3
DA:8,1
DA:12,1
DA:17,0
DA:18,0
DA:20,0
DA:21,0
DA:22,0
DA:26,0
DA:33,0
DA:37,0
DA:38,0
DA:45,0
DA:46,0
DA:47,0
LF:18
LH:6
BRDA:21,0,0,0
BRF:1
BRH:0
end_of_record
TN:
SF:src/character/entity/character.entity.ts
FNF:0
FNH:0
DA:1,0
LF:1
LH:0
BRF:0
BRH:0
end_of_record
TN:
SF:src/hp/hp.controller.ts
FN:18,(anonymous_4)
FN:26,(anonymous_5)
FN:42,(anonymous_6)
FN:74,(anonymous_7)
FN:102,(anonymous_8)
FNF:5
FNH:5
FNDA:11,(anonymous_4)
FNDA:2,(anonymous_5)
FNDA:4,(anonymous_6)
FNDA:3,(anonymous_7)
FNDA:2,(anonymous_8)
DA:1,1
DA:10,1
DA:11,1
DA:12,1
DA:13,1
DA:14,1
DA:17,1
DA:19,11
DA:20,11
DA:26,1
DA:27,2
DA:29,2
DA:30,1
DA:33,1
DA:42,1
DA:46,4
DA:47,4
DA:49,2
DA:53,2
DA:55,2
DA:61,2
DA:74,1
DA:78,3
DA:79,3
DA:84,1
DA:89,2
DA:102,1
DA:106,2
DA:107,2
DA:112,1
DA:117,1
LF:31
LH:31
BRDA:29,0,0,1
BRDA:49,1,0,1
BRDA:49,1,1,1
BRDA:63,2,0,1
BRDA:63,2,1,1
BRDA:91,3,0,1
BRDA:91,3,1,1
BRDA:119,4,0,1
BRDA:119,4,1,0
BRF:9
BRH:8
end_of_record
TN:
SF:src/hp/hp.module.ts
FNF:0
FNH:0
DA:1,0
DA:2,0
DA:3,0
DA:4,0
DA:10,0
LF:5
LH:0
BRF:0
BRH:0
end_of_record
TN:
SF:src/hp/hp.service.ts
FN:8,(anonymous_2)
FN:13,(anonymous_3)
FN:27,(anonymous_4)
FN:62,(anonymous_5)
FN:80,(anonymous_6)
FNF:5
FNH:5
FNDA:10,(anonymous_2)
FNDA:5,(anonymous_3)
FNDA:2,(anonymous_4)
FNDA:2,(anonymous_5)
FNDA:3,(anonymous_6)
DA:1,2
DA:3,2
DA:7,2
DA:9,10
DA:17,5
DA:19,5
DA:20,1
DA:23,4
DA:24,4
DA:26,4
DA:27,4
DA:29,4
DA:31,2
DA:32,1
DA:33,1
DA:34,1
DA:40,3
DA:41,2
DA:42,2
DA:43,2
DA:45,0
DA:46,0
DA:51,3
DA:53,3
DA:54,1
DA:57,3
DA:59,3
DA:66,2
DA:68,2
DA:69,1
DA:72,1
DA:75,1
DA:77,1
DA:84,3
DA:86,3
DA:87,1
DA:91,2
DA:92,1
DA:93,1
DA:96,2
LF:40
LH:38
BRDA:19,0,0,1
BRDA:26,1,0,4
BRDA:31,2,0,1
BRDA:31,2,1,1
BRDA:33,3,0,1
BRDA:40,4,0,2
BRDA:41,5,0,2
BRDA:41,5,1,0
BRDA:53,6,0,1
BRDA:68,7,0,1
BRDA:86,8,0,1
BRDA:91,9,0,1
BRDA:91,10,0,2
BRDA:91,10,1,1
BRF:14
BRH:13
end_of_record
TN:
SF:src/hp/dto/HpResponse.dto.ts
FNF:0
FNH:0
DA:1,1
LF:1
LH:1
BRF:0
BRH:0
end_of_record
TN:
SF:src/hp/dto/damage-type.enum.ts
FN:1,(anonymous_0)
FNF:1
FNH:1
FNDA:2,(anonymous_0)
DA:1,2
DA:2,2
DA:3,2
DA:4,2
DA:5,2
DA:6,2
DA:7,2
DA:8,2
DA:9,2
DA:10,2
DA:11,2
DA:12,2
DA:13,2
DA:14,2
LF:14
LH:14
BRDA:1,0,0,2
BRDA:1,0,1,2
BRF:2
BRH:2
end_of_record
TN:
SF:src/hp/dto/damage.dto.ts
FNF:0
FNH:0
DA:1,1
DA:2,1
DA:3,1
DA:5,1
DA:9,1
DA:15,1
LF:6
LH:6
BRF:0
BRH:0
end_of_record
